<?xml version="1.0" encoding="UTF-8"?>
<!-- Generated by org.testng.reporters.JUnitXMLReporter -->
<testsuite hostname="DESKTOP-88RIT0I" ignored="4" name="Default test" tests="1" failures="0" timestamp="2023-03-30T09:05:36 PDT" time="46.263" errors="0">
  <testcase name="tc16" time="38.69" classname="testng.testcases.CreateOpportunityTest"/>
  <testcase name="tc18" time="0.0" classname="testng.testcases.CreateOpportunityTest">
    <ignored/>
  </testcase> <!-- tc18 -->
  <testcase name="tc19" time="0.0" classname="testng.testcases.CreateOpportunityTest">
    <ignored/>
  </testcase> <!-- tc19 -->
  <testcase name="tc17" time="0.0" classname="testng.testcases.CreateOpportunityTest">
    <ignored/>
  </testcase> <!-- tc17 -->
  <testcase name="tc15" time="0.0" classname="testng.testcases.CreateOpportunityTest">
    <ignored/>
  </testcase> <!-- tc15 -->
</testsuite> <!-- Default test -->
