<?xml version="1.0" encoding="UTF-8"?>
<!-- Generated by org.testng.reporters.JUnitXMLReporter -->
<testsuite hostname="DESKTOP-88RIT0I" ignored="0" name="login" tests="1" failures="1" timestamp="2023-03-28T12:47:59 PDT" time="25.123" errors="0">
  <testcase name="tc04a" time="17.163" classname="testng.testcases.LoginTest">
    <failure type="java.lang.AssertionError" message="expected [Weâ€™ve sent you an email with a link to finish resetting your password.] but found [We’ve sent you an email with a link to finish resetting your password.]">
      <![CDATA[java.lang.AssertionError: expected [Weâ€™ve sent you an email with a link to finish resetting your password.] but found [We’ve sent you an email with a link to finish resetting your password.]
at testng.pages.LoginPage.validateEmailSent(LoginPage.java:84)
at testng.testcases.LoginTest.tc04a(LoginTest.java:78)
at java.util.ArrayList.forEach(ArrayList.java:1257)
... Removed 37 stack frames]]>
    </failure>
  </testcase> <!-- tc04a -->
</testsuite> <!-- login -->
